Flow report for WellNo
Thu Jan 30 19:08:23 2020
Quartus II Version 9.1 Build 222 10/21/2009 SJ Web Edition


---------------------
; Table of Contents ;
---------------------
  1. Legal Notice
  2. Flow Summary
  3. Flow Settings
  4. Flow Non-Default Global Settings
  5. Flow Elapsed Time
  6. Flow OS Summary
  7. Flow Log



----------------
; Legal Notice ;
----------------
Copyright (C) 1991-2009 Altera Corporation
Your use of Altera Corporation's design tools, logic functions 
and other software and tools, and its AMPP partner logic 
functions, and any output files from any of the foregoing 
(including device programming or simulation files), and any 
associated documentation or information are expressly subject 
to the terms and conditions of the Altera Program License 
Subscription Agreement, Altera MegaCore Function License 
Agreement, or other applicable license agreement, including, 
without limitation, that your use is for the sole purpose of 
programming logic devices manufactured by Altera and sold by 
Altera or its authorized distributors.  Please refer to the 
applicable agreement for further details.



+-------------------------------------------------------------------------+
; Flow Summary                                                            ;
+-------------------------------+-----------------------------------------+
; Flow Status                   ; Successful - Thu Jan 30 19:08:23 2020   ;
; Quartus II Version            ; 9.1 Build 222 10/21/2009 SJ Web Edition ;
; Revision Name                 ; WellNo                                  ;
; Top-level Entity Name         ; WN_opcode_loader_GPR                    ;
; Family                        ; Stratix II                              ;
; Met timing requirements       ; No                                      ;
; Logic utilization             ; 4 %                                     ;
;     Combinational ALUTs       ; 400 / 12,480 ( 3 % )                    ;
;     Dedicated logic registers ; 192 / 12,480 ( 2 % )                    ;
; Total registers               ; 192                                     ;
; Total pins                    ; 48 / 343 ( 14 % )                       ;
; Total virtual pins            ; 0                                       ;
; Total block memory bits       ; 131,072 / 419,328 ( 31 % )              ;
; DSP block 9-bit elements      ; 0 / 96 ( 0 % )                          ;
; Total PLLs                    ; 0 / 6 ( 0 % )                           ;
; Total DLLs                    ; 0 / 2 ( 0 % )                           ;
; Device                        ; EP2S15F484C3                            ;
; Timing Models                 ; Final                                   ;
+-------------------------------+-----------------------------------------+


+-----------------------------------------+
; Flow Settings                           ;
+-------------------+---------------------+
; Option            ; Setting             ;
+-------------------+---------------------+
; Start date & time ; 01/30/2020 19:07:42 ;
; Main task         ; Compilation         ;
; Revision Name     ; WellNo              ;
+-------------------+---------------------+


+------------------------------------------------------------------------------------------------------------------------------------------+
; Flow Non-Default Global Settings                                                                                                         ;
+------------------------------------+---------------------------------------------+---------------+----------------------+----------------+
; Assignment Name                    ; Value                                       ; Default Value ; Entity Name          ; Section Id     ;
+------------------------------------+---------------------------------------------+---------------+----------------------+----------------+
; COMPILER_SIGNATURE_ID              ; 128454787642251.158040046200062             ; --            ; --                   ; --             ;
; IP_TOOL_NAME                       ; LPM_RAM_DQ                                  ; --            ; --                   ; --             ;
; IP_TOOL_NAME                       ; LPM_BUSTRI                                  ; --            ; --                   ; --             ;
; IP_TOOL_NAME                       ; LPM_COMPARE                                 ; --            ; --                   ; --             ;
; IP_TOOL_NAME                       ; LPM_COMPARE                                 ; --            ; --                   ; --             ;
; IP_TOOL_NAME                       ; LPM_FF                                      ; --            ; --                   ; --             ;
; IP_TOOL_NAME                       ; LPM_COUNTER                                 ; --            ; --                   ; --             ;
; IP_TOOL_NAME                       ; LPM_MUX                                     ; --            ; --                   ; --             ;
; IP_TOOL_NAME                       ; LPM_BUSTRI                                  ; --            ; --                   ; --             ;
; IP_TOOL_NAME                       ; LPM_FF                                      ; --            ; --                   ; --             ;
; IP_TOOL_NAME                       ; LPM_ADD_SUB                                 ; --            ; --                   ; --             ;
; IP_TOOL_NAME                       ; LPM_DECODE                                  ; --            ; --                   ; --             ;
; IP_TOOL_NAME                       ; LPM_DECODE                                  ; --            ; --                   ; --             ;
; IP_TOOL_NAME                       ; LPM_MUX                                     ; --            ; --                   ; --             ;
; IP_TOOL_NAME                       ; LPM_RAM_DQ                                  ; --            ; --                   ; --             ;
; IP_TOOL_NAME                       ; LPM_COUNTER                                 ; --            ; --                   ; --             ;
; IP_TOOL_NAME                       ; LPM_MUX                                     ; --            ; --                   ; --             ;
; IP_TOOL_NAME                       ; LPM_DECODE                                  ; --            ; --                   ; --             ;
; IP_TOOL_NAME                       ; LPM_AND                                     ; --            ; --                   ; --             ;
; IP_TOOL_NAME                       ; LPM_OR                                      ; --            ; --                   ; --             ;
; IP_TOOL_NAME                       ; LPM_XOR                                     ; --            ; --                   ; --             ;
; IP_TOOL_NAME                       ; LPM_INV                                     ; --            ; --                   ; --             ;
; IP_TOOL_NAME                       ; LPM_ADD_SUB                                 ; --            ; --                   ; --             ;
; IP_TOOL_NAME                       ; LPM_DIVIDE                                  ; --            ; --                   ; --             ;
; IP_TOOL_NAME                       ; LPM_MULT                                    ; --            ; --                   ; --             ;
; IP_TOOL_NAME                       ; LPM_SHIFTREG                                ; --            ; --                   ; --             ;
; IP_TOOL_NAME                       ; LPM_COUNTER                                 ; --            ; --                   ; --             ;
; IP_TOOL_NAME                       ; LPM_COMPARE                                 ; --            ; --                   ; --             ;
; IP_TOOL_NAME                       ; LPM_SHIFTREG                                ; --            ; --                   ; --             ;
; IP_TOOL_NAME                       ; LPM_COMPARE                                 ; --            ; --                   ; --             ;
; IP_TOOL_NAME                       ; LPM_COMPARE                                 ; --            ; --                   ; --             ;
; IP_TOOL_NAME                       ; LPM_MUX                                     ; --            ; --                   ; --             ;
; IP_TOOL_NAME                       ; LPM_COUNTER                                 ; --            ; --                   ; --             ;
; IP_TOOL_NAME                       ; LPM_DECODE                                  ; --            ; --                   ; --             ;
; IP_TOOL_NAME                       ; LPM_COUNTER                                 ; --            ; --                   ; --             ;
; IP_TOOL_NAME                       ; LPM_COUNTER                                 ; --            ; --                   ; --             ;
; IP_TOOL_NAME                       ; LPM_COMPARE                                 ; --            ; --                   ; --             ;
; IP_TOOL_NAME                       ; LPM_CONSTANT                                ; --            ; --                   ; --             ;
; IP_TOOL_NAME                       ; LPM_CONSTANT                                ; --            ; --                   ; --             ;
; IP_TOOL_NAME                       ; LPM_CONSTANT                                ; --            ; --                   ; --             ;
; IP_TOOL_NAME                       ; LPM_CONSTANT                                ; --            ; --                   ; --             ;
; IP_TOOL_NAME                       ; LPM_CONSTANT                                ; --            ; --                   ; --             ;
; IP_TOOL_NAME                       ; LPM_CONSTANT                                ; --            ; --                   ; --             ;
; IP_TOOL_NAME                       ; LPM_CONSTANT                                ; --            ; --                   ; --             ;
; IP_TOOL_NAME                       ; LPM_CONSTANT                                ; --            ; --                   ; --             ;
; IP_TOOL_NAME                       ; LPM_CONSTANT                                ; --            ; --                   ; --             ;
; IP_TOOL_NAME                       ; LPM_CONSTANT                                ; --            ; --                   ; --             ;
; IP_TOOL_NAME                       ; LPM_CONSTANT                                ; --            ; --                   ; --             ;
; IP_TOOL_NAME                       ; LPM_CONSTANT                                ; --            ; --                   ; --             ;
; IP_TOOL_NAME                       ; LPM_CONSTANT                                ; --            ; --                   ; --             ;
; IP_TOOL_NAME                       ; LPM_CONSTANT                                ; --            ; --                   ; --             ;
; IP_TOOL_NAME                       ; LPM_CONSTANT                                ; --            ; --                   ; --             ;
; IP_TOOL_NAME                       ; LPM_CONSTANT                                ; --            ; --                   ; --             ;
; IP_TOOL_NAME                       ; LPM_CONSTANT                                ; --            ; --                   ; --             ;
; IP_TOOL_NAME                       ; LPM_CONSTANT                                ; --            ; --                   ; --             ;
; IP_TOOL_NAME                       ; LPM_CONSTANT                                ; --            ; --                   ; --             ;
; IP_TOOL_NAME                       ; LPM_CONSTANT                                ; --            ; --                   ; --             ;
; IP_TOOL_NAME                       ; LPM_CONSTANT                                ; --            ; --                   ; --             ;
; IP_TOOL_NAME                       ; LPM_CONSTANT                                ; --            ; --                   ; --             ;
; IP_TOOL_NAME                       ; LPM_CONSTANT                                ; --            ; --                   ; --             ;
; IP_TOOL_NAME                       ; LPM_CONSTANT                                ; --            ; --                   ; --             ;
; IP_TOOL_NAME                       ; LPM_CONSTANT                                ; --            ; --                   ; --             ;
; IP_TOOL_NAME                       ; LPM_CONSTANT                                ; --            ; --                   ; --             ;
; IP_TOOL_NAME                       ; LPM_CONSTANT                                ; --            ; --                   ; --             ;
; IP_TOOL_NAME                       ; LPM_CONSTANT                                ; --            ; --                   ; --             ;
; IP_TOOL_NAME                       ; LPM_CONSTANT                                ; --            ; --                   ; --             ;
; IP_TOOL_NAME                       ; LPM_CONSTANT                                ; --            ; --                   ; --             ;
; IP_TOOL_NAME                       ; LPM_CONSTANT                                ; --            ; --                   ; --             ;
; IP_TOOL_NAME                       ; LPM_CONSTANT                                ; --            ; --                   ; --             ;
; IP_TOOL_NAME                       ; LPM_CONSTANT                                ; --            ; --                   ; --             ;
; IP_TOOL_NAME                       ; LPM_CONSTANT                                ; --            ; --                   ; --             ;
; IP_TOOL_NAME                       ; LPM_CONSTANT                                ; --            ; --                   ; --             ;
; IP_TOOL_NAME                       ; LPM_FF                                      ; --            ; --                   ; --             ;
; IP_TOOL_NAME                       ; LPM_CONSTANT                                ; --            ; --                   ; --             ;
; IP_TOOL_NAME                       ; LPM_COUNTER                                 ; --            ; --                   ; --             ;
; IP_TOOL_VERSION                    ; 9.1                                         ; --            ; --                   ; --             ;
; IP_TOOL_VERSION                    ; 9.1                                         ; --            ; --                   ; --             ;
; IP_TOOL_VERSION                    ; 9.1                                         ; --            ; --                   ; --             ;
; IP_TOOL_VERSION                    ; 9.1                                         ; --            ; --                   ; --             ;
; IP_TOOL_VERSION                    ; 9.1                                         ; --            ; --                   ; --             ;
; IP_TOOL_VERSION                    ; 9.1                                         ; --            ; --                   ; --             ;
; IP_TOOL_VERSION                    ; 9.1                                         ; --            ; --                   ; --             ;
; IP_TOOL_VERSION                    ; 9.1                                         ; --            ; --                   ; --             ;
; IP_TOOL_VERSION                    ; 9.1                                         ; --            ; --                   ; --             ;
; IP_TOOL_VERSION                    ; 9.1                                         ; --            ; --                   ; --             ;
; IP_TOOL_VERSION                    ; 9.1                                         ; --            ; --                   ; --             ;
; IP_TOOL_VERSION                    ; 9.1                                         ; --            ; --                   ; --             ;
; IP_TOOL_VERSION                    ; 9.1                                         ; --            ; --                   ; --             ;
; IP_TOOL_VERSION                    ; 9.1                                         ; --            ; --                   ; --             ;
; IP_TOOL_VERSION                    ; 9.1                                         ; --            ; --                   ; --             ;
; IP_TOOL_VERSION                    ; 9.1                                         ; --            ; --                   ; --             ;
; IP_TOOL_VERSION                    ; 9.1                                         ; --            ; --                   ; --             ;
; IP_TOOL_VERSION                    ; 9.1                                         ; --            ; --                   ; --             ;
; IP_TOOL_VERSION                    ; 9.1                                         ; --            ; --                   ; --             ;
; IP_TOOL_VERSION                    ; 9.1                                         ; --            ; --                   ; --             ;
; IP_TOOL_VERSION                    ; 9.1                                         ; --            ; --                   ; --             ;
; IP_TOOL_VERSION                    ; 9.1                                         ; --            ; --                   ; --             ;
; IP_TOOL_VERSION                    ; 9.1                                         ; --            ; --                   ; --             ;
; IP_TOOL_VERSION                    ; 9.1                                         ; --            ; --                   ; --             ;
; IP_TOOL_VERSION                    ; 9.1                                         ; --            ; --                   ; --             ;
; IP_TOOL_VERSION                    ; 9.1                                         ; --            ; --                   ; --             ;
; IP_TOOL_VERSION                    ; 9.1                                         ; --            ; --                   ; --             ;
; IP_TOOL_VERSION                    ; 9.1                                         ; --            ; --                   ; --             ;
; IP_TOOL_VERSION                    ; 9.1                                         ; --            ; --                   ; --             ;
; IP_TOOL_VERSION                    ; 9.1                                         ; --            ; --                   ; --             ;
; IP_TOOL_VERSION                    ; 9.1                                         ; --            ; --                   ; --             ;
; IP_TOOL_VERSION                    ; 9.1                                         ; --            ; --                   ; --             ;
; IP_TOOL_VERSION                    ; 9.1                                         ; --            ; --                   ; --             ;
; IP_TOOL_VERSION                    ; 9.1                                         ; --            ; --                   ; --             ;
; IP_TOOL_VERSION                    ; 9.1                                         ; --            ; --                   ; --             ;
; IP_TOOL_VERSION                    ; 9.1                                         ; --            ; --                   ; --             ;
; IP_TOOL_VERSION                    ; 9.1                                         ; --            ; --                   ; --             ;
; IP_TOOL_VERSION                    ; 9.1                                         ; --            ; --                   ; --             ;
; IP_TOOL_VERSION                    ; 9.1                                         ; --            ; --                   ; --             ;
; IP_TOOL_VERSION                    ; 9.1                                         ; --            ; --                   ; --             ;
; IP_TOOL_VERSION                    ; 9.1                                         ; --            ; --                   ; --             ;
; IP_TOOL_VERSION                    ; 9.1                                         ; --            ; --                   ; --             ;
; IP_TOOL_VERSION                    ; 9.1                                         ; --            ; --                   ; --             ;
; IP_TOOL_VERSION                    ; 9.1                                         ; --            ; --                   ; --             ;
; IP_TOOL_VERSION                    ; 9.1                                         ; --            ; --                   ; --             ;
; IP_TOOL_VERSION                    ; 9.1                                         ; --            ; --                   ; --             ;
; IP_TOOL_VERSION                    ; 9.1                                         ; --            ; --                   ; --             ;
; IP_TOOL_VERSION                    ; 9.1                                         ; --            ; --                   ; --             ;
; IP_TOOL_VERSION                    ; 9.1                                         ; --            ; --                   ; --             ;
; IP_TOOL_VERSION                    ; 9.1                                         ; --            ; --                   ; --             ;
; IP_TOOL_VERSION                    ; 9.1                                         ; --            ; --                   ; --             ;
; IP_TOOL_VERSION                    ; 9.1                                         ; --            ; --                   ; --             ;
; IP_TOOL_VERSION                    ; 9.1                                         ; --            ; --                   ; --             ;
; IP_TOOL_VERSION                    ; 9.1                                         ; --            ; --                   ; --             ;
; IP_TOOL_VERSION                    ; 9.1                                         ; --            ; --                   ; --             ;
; IP_TOOL_VERSION                    ; 9.1                                         ; --            ; --                   ; --             ;
; IP_TOOL_VERSION                    ; 9.1                                         ; --            ; --                   ; --             ;
; IP_TOOL_VERSION                    ; 9.1                                         ; --            ; --                   ; --             ;
; IP_TOOL_VERSION                    ; 9.1                                         ; --            ; --                   ; --             ;
; IP_TOOL_VERSION                    ; 9.1                                         ; --            ; --                   ; --             ;
; IP_TOOL_VERSION                    ; 9.1                                         ; --            ; --                   ; --             ;
; IP_TOOL_VERSION                    ; 9.1                                         ; --            ; --                   ; --             ;
; IP_TOOL_VERSION                    ; 9.1                                         ; --            ; --                   ; --             ;
; IP_TOOL_VERSION                    ; 9.1                                         ; --            ; --                   ; --             ;
; IP_TOOL_VERSION                    ; 9.1                                         ; --            ; --                   ; --             ;
; IP_TOOL_VERSION                    ; 9.1                                         ; --            ; --                   ; --             ;
; IP_TOOL_VERSION                    ; 9.1                                         ; --            ; --                   ; --             ;
; IP_TOOL_VERSION                    ; 9.1                                         ; --            ; --                   ; --             ;
; IP_TOOL_VERSION                    ; 9.1                                         ; --            ; --                   ; --             ;
; IP_TOOL_VERSION                    ; 9.1                                         ; --            ; --                   ; --             ;
; IP_TOOL_VERSION                    ; 9.1                                         ; --            ; --                   ; --             ;
; IP_TOOL_VERSION                    ; 9.1                                         ; --            ; --                   ; --             ;
; IP_TOOL_VERSION                    ; 9.1                                         ; --            ; --                   ; --             ;
; IP_TOOL_VERSION                    ; 9.1                                         ; --            ; --                   ; --             ;
; MISC_FILE                          ; lpm_ram_dq0.tdf                             ; --            ; --                   ; --             ;
; MISC_FILE                          ; lpm_ram_dq0.bsf                             ; --            ; --                   ; --             ;
; MISC_FILE                          ; lpm_ram_dq0_inst.tdf                        ; --            ; --                   ; --             ;
; MISC_FILE                          ; lpm_ram_dq0.inc                             ; --            ; --                   ; --             ;
; MISC_FILE                          ; lpm_ram_dq0.cmp                             ; --            ; --                   ; --             ;
; MISC_FILE                          ; lpm_bustri0.tdf                             ; --            ; --                   ; --             ;
; MISC_FILE                          ; lpm_bustri0.bsf                             ; --            ; --                   ; --             ;
; MISC_FILE                          ; lpm_bustri0_inst.tdf                        ; --            ; --                   ; --             ;
; MISC_FILE                          ; lpm_bustri0.inc                             ; --            ; --                   ; --             ;
; MISC_FILE                          ; lpm_bustri0.cmp                             ; --            ; --                   ; --             ;
; MISC_FILE                          ; lpm_compare0.tdf                            ; --            ; --                   ; --             ;
; MISC_FILE                          ; lpm_compare0.bsf                            ; --            ; --                   ; --             ;
; MISC_FILE                          ; lpm_compare0_inst.tdf                       ; --            ; --                   ; --             ;
; MISC_FILE                          ; lpm_compare0.inc                            ; --            ; --                   ; --             ;
; MISC_FILE                          ; lpm_compare0.cmp                            ; --            ; --                   ; --             ;
; MISC_FILE                          ; lpm_compare1.tdf                            ; --            ; --                   ; --             ;
; MISC_FILE                          ; lpm_compare1.bsf                            ; --            ; --                   ; --             ;
; MISC_FILE                          ; lpm_compare1_inst.tdf                       ; --            ; --                   ; --             ;
; MISC_FILE                          ; lpm_compare1.inc                            ; --            ; --                   ; --             ;
; MISC_FILE                          ; lpm_compare1.cmp                            ; --            ; --                   ; --             ;
; MISC_FILE                          ; lpm_dff0.tdf                                ; --            ; --                   ; --             ;
; MISC_FILE                          ; lpm_dff0.bsf                                ; --            ; --                   ; --             ;
; MISC_FILE                          ; lpm_dff0_inst.tdf                           ; --            ; --                   ; --             ;
; MISC_FILE                          ; lpm_dff0.inc                                ; --            ; --                   ; --             ;
; MISC_FILE                          ; lpm_dff0.cmp                                ; --            ; --                   ; --             ;
; MISC_FILE                          ; lpm_counter0.tdf                            ; --            ; --                   ; --             ;
; MISC_FILE                          ; lpm_counter0.bsf                            ; --            ; --                   ; --             ;
; MISC_FILE                          ; lpm_counter0_inst.tdf                       ; --            ; --                   ; --             ;
; MISC_FILE                          ; lpm_counter0.inc                            ; --            ; --                   ; --             ;
; MISC_FILE                          ; lpm_counter0.cmp                            ; --            ; --                   ; --             ;
; MISC_FILE                          ; lpm_mux0.tdf                                ; --            ; --                   ; --             ;
; MISC_FILE                          ; lpm_mux0.bsf                                ; --            ; --                   ; --             ;
; MISC_FILE                          ; lpm_mux0_inst.tdf                           ; --            ; --                   ; --             ;
; MISC_FILE                          ; lpm_mux0.inc                                ; --            ; --                   ; --             ;
; MISC_FILE                          ; lpm_mux0.cmp                                ; --            ; --                   ; --             ;
; MISC_FILE                          ; C:/users/fiiqlae/My Documents/WN/WellNo.dpf ; --            ; --                   ; --             ;
; MISC_FILE                          ; lpm_bustri1.tdf                             ; --            ; --                   ; --             ;
; MISC_FILE                          ; lpm_bustri1.bsf                             ; --            ; --                   ; --             ;
; MISC_FILE                          ; lpm_bustri1_inst.tdf                        ; --            ; --                   ; --             ;
; MISC_FILE                          ; lpm_bustri1.inc                             ; --            ; --                   ; --             ;
; MISC_FILE                          ; lpm_bustri1.cmp                             ; --            ; --                   ; --             ;
; MISC_FILE                          ; lpm_dff1.tdf                                ; --            ; --                   ; --             ;
; MISC_FILE                          ; lpm_dff1.bsf                                ; --            ; --                   ; --             ;
; MISC_FILE                          ; lpm_dff1_inst.tdf                           ; --            ; --                   ; --             ;
; MISC_FILE                          ; lpm_dff1.inc                                ; --            ; --                   ; --             ;
; MISC_FILE                          ; lpm_dff1.cmp                                ; --            ; --                   ; --             ;
; MISC_FILE                          ; lpm_add_sub0.tdf                            ; --            ; --                   ; --             ;
; MISC_FILE                          ; lpm_add_sub0.bsf                            ; --            ; --                   ; --             ;
; MISC_FILE                          ; lpm_add_sub0_inst.tdf                       ; --            ; --                   ; --             ;
; MISC_FILE                          ; lpm_add_sub0.inc                            ; --            ; --                   ; --             ;
; MISC_FILE                          ; lpm_add_sub0.cmp                            ; --            ; --                   ; --             ;
; MISC_FILE                          ; lpm_decode0.tdf                             ; --            ; --                   ; --             ;
; MISC_FILE                          ; lpm_decode0.bsf                             ; --            ; --                   ; --             ;
; MISC_FILE                          ; lpm_decode0_inst.tdf                        ; --            ; --                   ; --             ;
; MISC_FILE                          ; lpm_decode0.inc                             ; --            ; --                   ; --             ;
; MISC_FILE                          ; lpm_decode0.cmp                             ; --            ; --                   ; --             ;
; MISC_FILE                          ; lpm_decode1.tdf                             ; --            ; --                   ; --             ;
; MISC_FILE                          ; lpm_decode1.bsf                             ; --            ; --                   ; --             ;
; MISC_FILE                          ; lpm_decode1_inst.tdf                        ; --            ; --                   ; --             ;
; MISC_FILE                          ; lpm_decode1.inc                             ; --            ; --                   ; --             ;
; MISC_FILE                          ; lpm_decode1.cmp                             ; --            ; --                   ; --             ;
; MISC_FILE                          ; lpm_mux1.tdf                                ; --            ; --                   ; --             ;
; MISC_FILE                          ; lpm_mux1.bsf                                ; --            ; --                   ; --             ;
; MISC_FILE                          ; lpm_mux1_inst.tdf                           ; --            ; --                   ; --             ;
; MISC_FILE                          ; lpm_mux1.inc                                ; --            ; --                   ; --             ;
; MISC_FILE                          ; lpm_mux1.cmp                                ; --            ; --                   ; --             ;
; MISC_FILE                          ; lpm_ram_dq1.tdf                             ; --            ; --                   ; --             ;
; MISC_FILE                          ; lpm_ram_dq1.bsf                             ; --            ; --                   ; --             ;
; MISC_FILE                          ; lpm_ram_dq1_inst.tdf                        ; --            ; --                   ; --             ;
; MISC_FILE                          ; lpm_ram_dq1.inc                             ; --            ; --                   ; --             ;
; MISC_FILE                          ; lpm_ram_dq1.cmp                             ; --            ; --                   ; --             ;
; MISC_FILE                          ; lpm_counter1.tdf                            ; --            ; --                   ; --             ;
; MISC_FILE                          ; lpm_counter1.bsf                            ; --            ; --                   ; --             ;
; MISC_FILE                          ; lpm_counter1_inst.tdf                       ; --            ; --                   ; --             ;
; MISC_FILE                          ; lpm_counter1.inc                            ; --            ; --                   ; --             ;
; MISC_FILE                          ; lpm_counter1.cmp                            ; --            ; --                   ; --             ;
; MISC_FILE                          ; lpm_mux2.tdf                                ; --            ; --                   ; --             ;
; MISC_FILE                          ; lpm_mux2.bsf                                ; --            ; --                   ; --             ;
; MISC_FILE                          ; lpm_mux2_inst.tdf                           ; --            ; --                   ; --             ;
; MISC_FILE                          ; lpm_mux2.inc                                ; --            ; --                   ; --             ;
; MISC_FILE                          ; lpm_mux2.cmp                                ; --            ; --                   ; --             ;
; MISC_FILE                          ; lpm_decode2.tdf                             ; --            ; --                   ; --             ;
; MISC_FILE                          ; lpm_decode2.bsf                             ; --            ; --                   ; --             ;
; MISC_FILE                          ; lpm_decode2_inst.tdf                        ; --            ; --                   ; --             ;
; MISC_FILE                          ; lpm_decode2.inc                             ; --            ; --                   ; --             ;
; MISC_FILE                          ; lpm_decode2.cmp                             ; --            ; --                   ; --             ;
; MISC_FILE                          ; lpm_and0.tdf                                ; --            ; --                   ; --             ;
; MISC_FILE                          ; lpm_and0.bsf                                ; --            ; --                   ; --             ;
; MISC_FILE                          ; lpm_and0_inst.tdf                           ; --            ; --                   ; --             ;
; MISC_FILE                          ; lpm_and0.inc                                ; --            ; --                   ; --             ;
; MISC_FILE                          ; lpm_and0.cmp                                ; --            ; --                   ; --             ;
; MISC_FILE                          ; lpm_or0.tdf                                 ; --            ; --                   ; --             ;
; MISC_FILE                          ; lpm_or0.bsf                                 ; --            ; --                   ; --             ;
; MISC_FILE                          ; lpm_or0_inst.tdf                            ; --            ; --                   ; --             ;
; MISC_FILE                          ; lpm_or0.inc                                 ; --            ; --                   ; --             ;
; MISC_FILE                          ; lpm_or0.cmp                                 ; --            ; --                   ; --             ;
; MISC_FILE                          ; lpm_xor0.tdf                                ; --            ; --                   ; --             ;
; MISC_FILE                          ; lpm_xor0.bsf                                ; --            ; --                   ; --             ;
; MISC_FILE                          ; lpm_xor0_inst.tdf                           ; --            ; --                   ; --             ;
; MISC_FILE                          ; lpm_xor0.inc                                ; --            ; --                   ; --             ;
; MISC_FILE                          ; lpm_xor0.cmp                                ; --            ; --                   ; --             ;
; MISC_FILE                          ; lpm_inv0.tdf                                ; --            ; --                   ; --             ;
; MISC_FILE                          ; lpm_inv0.bsf                                ; --            ; --                   ; --             ;
; MISC_FILE                          ; lpm_inv0_inst.tdf                           ; --            ; --                   ; --             ;
; MISC_FILE                          ; lpm_inv0.inc                                ; --            ; --                   ; --             ;
; MISC_FILE                          ; lpm_inv0.cmp                                ; --            ; --                   ; --             ;
; MISC_FILE                          ; lpm_add_sub1.tdf                            ; --            ; --                   ; --             ;
; MISC_FILE                          ; lpm_add_sub1.bsf                            ; --            ; --                   ; --             ;
; MISC_FILE                          ; lpm_add_sub1_inst.tdf                       ; --            ; --                   ; --             ;
; MISC_FILE                          ; lpm_add_sub1.inc                            ; --            ; --                   ; --             ;
; MISC_FILE                          ; lpm_add_sub1.cmp                            ; --            ; --                   ; --             ;
; MISC_FILE                          ; divide0.tdf                                 ; --            ; --                   ; --             ;
; MISC_FILE                          ; divide0.bsf                                 ; --            ; --                   ; --             ;
; MISC_FILE                          ; divide0_inst.tdf                            ; --            ; --                   ; --             ;
; MISC_FILE                          ; divide0.inc                                 ; --            ; --                   ; --             ;
; MISC_FILE                          ; divide0.cmp                                 ; --            ; --                   ; --             ;
; MISC_FILE                          ; lpm_mult0.tdf                               ; --            ; --                   ; --             ;
; MISC_FILE                          ; lpm_mult0.bsf                               ; --            ; --                   ; --             ;
; MISC_FILE                          ; lpm_mult0_inst.tdf                          ; --            ; --                   ; --             ;
; MISC_FILE                          ; lpm_mult0.inc                               ; --            ; --                   ; --             ;
; MISC_FILE                          ; lpm_mult0.cmp                               ; --            ; --                   ; --             ;
; MISC_FILE                          ; lpm_shiftreg0.tdf                           ; --            ; --                   ; --             ;
; MISC_FILE                          ; lpm_shiftreg0.bsf                           ; --            ; --                   ; --             ;
; MISC_FILE                          ; lpm_shiftreg0_inst.tdf                      ; --            ; --                   ; --             ;
; MISC_FILE                          ; lpm_shiftreg0.inc                           ; --            ; --                   ; --             ;
; MISC_FILE                          ; lpm_shiftreg0.cmp                           ; --            ; --                   ; --             ;
; MISC_FILE                          ; lpm_counter2.tdf                            ; --            ; --                   ; --             ;
; MISC_FILE                          ; lpm_counter2.bsf                            ; --            ; --                   ; --             ;
; MISC_FILE                          ; lpm_counter2_inst.tdf                       ; --            ; --                   ; --             ;
; MISC_FILE                          ; lpm_counter2.inc                            ; --            ; --                   ; --             ;
; MISC_FILE                          ; lpm_counter2.cmp                            ; --            ; --                   ; --             ;
; MISC_FILE                          ; lpm_compare2.tdf                            ; --            ; --                   ; --             ;
; MISC_FILE                          ; lpm_compare2.bsf                            ; --            ; --                   ; --             ;
; MISC_FILE                          ; lpm_compare2_inst.tdf                       ; --            ; --                   ; --             ;
; MISC_FILE                          ; lpm_compare2.inc                            ; --            ; --                   ; --             ;
; MISC_FILE                          ; lpm_compare2.cmp                            ; --            ; --                   ; --             ;
; MISC_FILE                          ; lpm_shiftreg1.tdf                           ; --            ; --                   ; --             ;
; MISC_FILE                          ; lpm_shiftreg1.bsf                           ; --            ; --                   ; --             ;
; MISC_FILE                          ; lpm_shiftreg1_inst.tdf                      ; --            ; --                   ; --             ;
; MISC_FILE                          ; lpm_shiftreg1.inc                           ; --            ; --                   ; --             ;
; MISC_FILE                          ; lpm_shiftreg1.cmp                           ; --            ; --                   ; --             ;
; MISC_FILE                          ; lpm_compare3.tdf                            ; --            ; --                   ; --             ;
; MISC_FILE                          ; lpm_compare3.bsf                            ; --            ; --                   ; --             ;
; MISC_FILE                          ; lpm_compare3_inst.tdf                       ; --            ; --                   ; --             ;
; MISC_FILE                          ; lpm_compare3.inc                            ; --            ; --                   ; --             ;
; MISC_FILE                          ; lpm_compare3.cmp                            ; --            ; --                   ; --             ;
; MISC_FILE                          ; lpm_compare4.tdf                            ; --            ; --                   ; --             ;
; MISC_FILE                          ; lpm_compare4.bsf                            ; --            ; --                   ; --             ;
; MISC_FILE                          ; lpm_compare4_inst.tdf                       ; --            ; --                   ; --             ;
; MISC_FILE                          ; lpm_compare4.inc                            ; --            ; --                   ; --             ;
; MISC_FILE                          ; lpm_compare4.cmp                            ; --            ; --                   ; --             ;
; MISC_FILE                          ; lpm_mux3.tdf                                ; --            ; --                   ; --             ;
; MISC_FILE                          ; lpm_mux3.bsf                                ; --            ; --                   ; --             ;
; MISC_FILE                          ; lpm_mux3_inst.tdf                           ; --            ; --                   ; --             ;
; MISC_FILE                          ; lpm_mux3.inc                                ; --            ; --                   ; --             ;
; MISC_FILE                          ; lpm_mux3.cmp                                ; --            ; --                   ; --             ;
; MISC_FILE                          ; lpm_counter3.tdf                            ; --            ; --                   ; --             ;
; MISC_FILE                          ; lpm_counter3.bsf                            ; --            ; --                   ; --             ;
; MISC_FILE                          ; lpm_counter3_inst.tdf                       ; --            ; --                   ; --             ;
; MISC_FILE                          ; lpm_counter3.inc                            ; --            ; --                   ; --             ;
; MISC_FILE                          ; lpm_counter3.cmp                            ; --            ; --                   ; --             ;
; MISC_FILE                          ; lpm_decode3.tdf                             ; --            ; --                   ; --             ;
; MISC_FILE                          ; lpm_decode3.bsf                             ; --            ; --                   ; --             ;
; MISC_FILE                          ; lpm_decode3_inst.tdf                        ; --            ; --                   ; --             ;
; MISC_FILE                          ; lpm_decode3.inc                             ; --            ; --                   ; --             ;
; MISC_FILE                          ; lpm_decode3.cmp                             ; --            ; --                   ; --             ;
; MISC_FILE                          ; lpm_counter4.tdf                            ; --            ; --                   ; --             ;
; MISC_FILE                          ; lpm_counter4.bsf                            ; --            ; --                   ; --             ;
; MISC_FILE                          ; lpm_counter4_inst.tdf                       ; --            ; --                   ; --             ;
; MISC_FILE                          ; lpm_counter4.inc                            ; --            ; --                   ; --             ;
; MISC_FILE                          ; lpm_counter4.cmp                            ; --            ; --                   ; --             ;
; MISC_FILE                          ; lpm_counter5.tdf                            ; --            ; --                   ; --             ;
; MISC_FILE                          ; lpm_counter5.bsf                            ; --            ; --                   ; --             ;
; MISC_FILE                          ; lpm_counter5_inst.tdf                       ; --            ; --                   ; --             ;
; MISC_FILE                          ; lpm_counter5.inc                            ; --            ; --                   ; --             ;
; MISC_FILE                          ; lpm_counter5.cmp                            ; --            ; --                   ; --             ;
; MISC_FILE                          ; lpm_compare5.tdf                            ; --            ; --                   ; --             ;
; MISC_FILE                          ; lpm_compare5.bsf                            ; --            ; --                   ; --             ;
; MISC_FILE                          ; lpm_compare5_inst.tdf                       ; --            ; --                   ; --             ;
; MISC_FILE                          ; lpm_compare5.inc                            ; --            ; --                   ; --             ;
; MISC_FILE                          ; lpm_compare5.cmp                            ; --            ; --                   ; --             ;
; MISC_FILE                          ; lpm_constant0.tdf                           ; --            ; --                   ; --             ;
; MISC_FILE                          ; lpm_constant0.bsf                           ; --            ; --                   ; --             ;
; MISC_FILE                          ; lpm_constant0_inst.tdf                      ; --            ; --                   ; --             ;
; MISC_FILE                          ; lpm_constant0.inc                           ; --            ; --                   ; --             ;
; MISC_FILE                          ; lpm_constant0.cmp                           ; --            ; --                   ; --             ;
; MISC_FILE                          ; lpm_constant1.tdf                           ; --            ; --                   ; --             ;
; MISC_FILE                          ; lpm_constant1.bsf                           ; --            ; --                   ; --             ;
; MISC_FILE                          ; lpm_constant1_inst.tdf                      ; --            ; --                   ; --             ;
; MISC_FILE                          ; lpm_constant1.inc                           ; --            ; --                   ; --             ;
; MISC_FILE                          ; lpm_constant1.cmp                           ; --            ; --                   ; --             ;
; MISC_FILE                          ; lpm_constant2.tdf                           ; --            ; --                   ; --             ;
; MISC_FILE                          ; lpm_constant2.bsf                           ; --            ; --                   ; --             ;
; MISC_FILE                          ; lpm_constant2_inst.tdf                      ; --            ; --                   ; --             ;
; MISC_FILE                          ; lpm_constant2.inc                           ; --            ; --                   ; --             ;
; MISC_FILE                          ; lpm_constant2.cmp                           ; --            ; --                   ; --             ;
; MISC_FILE                          ; lpm_constant3.tdf                           ; --            ; --                   ; --             ;
; MISC_FILE                          ; lpm_constant3.bsf                           ; --            ; --                   ; --             ;
; MISC_FILE                          ; lpm_constant3_inst.tdf                      ; --            ; --                   ; --             ;
; MISC_FILE                          ; lpm_constant3.inc                           ; --            ; --                   ; --             ;
; MISC_FILE                          ; lpm_constant3.cmp                           ; --            ; --                   ; --             ;
; MISC_FILE                          ; lpm_constant4.tdf                           ; --            ; --                   ; --             ;
; MISC_FILE                          ; lpm_constant4.bsf                           ; --            ; --                   ; --             ;
; MISC_FILE                          ; lpm_constant4_inst.tdf                      ; --            ; --                   ; --             ;
; MISC_FILE                          ; lpm_constant4.inc                           ; --            ; --                   ; --             ;
; MISC_FILE                          ; lpm_constant4.cmp                           ; --            ; --                   ; --             ;
; MISC_FILE                          ; lpm_constant5.tdf                           ; --            ; --                   ; --             ;
; MISC_FILE                          ; lpm_constant5.bsf                           ; --            ; --                   ; --             ;
; MISC_FILE                          ; lpm_constant5_inst.tdf                      ; --            ; --                   ; --             ;
; MISC_FILE                          ; lpm_constant5.inc                           ; --            ; --                   ; --             ;
; MISC_FILE                          ; lpm_constant5.cmp                           ; --            ; --                   ; --             ;
; MISC_FILE                          ; lpm_constant6.tdf                           ; --            ; --                   ; --             ;
; MISC_FILE                          ; lpm_constant6.bsf                           ; --            ; --                   ; --             ;
; MISC_FILE                          ; lpm_constant6_inst.tdf                      ; --            ; --                   ; --             ;
; MISC_FILE                          ; lpm_constant6.inc                           ; --            ; --                   ; --             ;
; MISC_FILE                          ; lpm_constant6.cmp                           ; --            ; --                   ; --             ;
; MISC_FILE                          ; lpm_constant7.tdf                           ; --            ; --                   ; --             ;
; MISC_FILE                          ; lpm_constant7.bsf                           ; --            ; --                   ; --             ;
; MISC_FILE                          ; lpm_constant7_inst.tdf                      ; --            ; --                   ; --             ;
; MISC_FILE                          ; lpm_constant7.inc                           ; --            ; --                   ; --             ;
; MISC_FILE                          ; lpm_constant7.cmp                           ; --            ; --                   ; --             ;
; MISC_FILE                          ; lpm_constant8.tdf                           ; --            ; --                   ; --             ;
; MISC_FILE                          ; lpm_constant8.bsf                           ; --            ; --                   ; --             ;
; MISC_FILE                          ; lpm_constant8_inst.tdf                      ; --            ; --                   ; --             ;
; MISC_FILE                          ; lpm_constant8.inc                           ; --            ; --                   ; --             ;
; MISC_FILE                          ; lpm_constant8.cmp                           ; --            ; --                   ; --             ;
; MISC_FILE                          ; lpm_constant9.tdf                           ; --            ; --                   ; --             ;
; MISC_FILE                          ; lpm_constant9.bsf                           ; --            ; --                   ; --             ;
; MISC_FILE                          ; lpm_constant9_inst.tdf                      ; --            ; --                   ; --             ;
; MISC_FILE                          ; lpm_constant9.inc                           ; --            ; --                   ; --             ;
; MISC_FILE                          ; lpm_constant9.cmp                           ; --            ; --                   ; --             ;
; MISC_FILE                          ; lpm_constant10.tdf                          ; --            ; --                   ; --             ;
; MISC_FILE                          ; lpm_constant10.bsf                          ; --            ; --                   ; --             ;
; MISC_FILE                          ; lpm_constant10_inst.tdf                     ; --            ; --                   ; --             ;
; MISC_FILE                          ; lpm_constant10.inc                          ; --            ; --                   ; --             ;
; MISC_FILE                          ; lpm_constant10.cmp                          ; --            ; --                   ; --             ;
; MISC_FILE                          ; lpm_constant11.tdf                          ; --            ; --                   ; --             ;
; MISC_FILE                          ; lpm_constant11.bsf                          ; --            ; --                   ; --             ;
; MISC_FILE                          ; lpm_constant11_inst.tdf                     ; --            ; --                   ; --             ;
; MISC_FILE                          ; lpm_constant11.inc                          ; --            ; --                   ; --             ;
; MISC_FILE                          ; lpm_constant11.cmp                          ; --            ; --                   ; --             ;
; MISC_FILE                          ; lpm_constant12.tdf                          ; --            ; --                   ; --             ;
; MISC_FILE                          ; lpm_constant12.bsf                          ; --            ; --                   ; --             ;
; MISC_FILE                          ; lpm_constant12_inst.tdf                     ; --            ; --                   ; --             ;
; MISC_FILE                          ; lpm_constant12.inc                          ; --            ; --                   ; --             ;
; MISC_FILE                          ; lpm_constant12.cmp                          ; --            ; --                   ; --             ;
; MISC_FILE                          ; lpm_constant13.tdf                          ; --            ; --                   ; --             ;
; MISC_FILE                          ; lpm_constant13.bsf                          ; --            ; --                   ; --             ;
; MISC_FILE                          ; lpm_constant13_inst.tdf                     ; --            ; --                   ; --             ;
; MISC_FILE                          ; lpm_constant13.inc                          ; --            ; --                   ; --             ;
; MISC_FILE                          ; lpm_constant13.cmp                          ; --            ; --                   ; --             ;
; MISC_FILE                          ; lpm_constant14.tdf                          ; --            ; --                   ; --             ;
; MISC_FILE                          ; lpm_constant14.bsf                          ; --            ; --                   ; --             ;
; MISC_FILE                          ; lpm_constant14_inst.tdf                     ; --            ; --                   ; --             ;
; MISC_FILE                          ; lpm_constant14.inc                          ; --            ; --                   ; --             ;
; MISC_FILE                          ; lpm_constant14.cmp                          ; --            ; --                   ; --             ;
; MISC_FILE                          ; lpm_constant15.tdf                          ; --            ; --                   ; --             ;
; MISC_FILE                          ; lpm_constant15.bsf                          ; --            ; --                   ; --             ;
; MISC_FILE                          ; lpm_constant15_inst.tdf                     ; --            ; --                   ; --             ;
; MISC_FILE                          ; lpm_constant15.inc                          ; --            ; --                   ; --             ;
; MISC_FILE                          ; lpm_constant15.cmp                          ; --            ; --                   ; --             ;
; MISC_FILE                          ; lpm_constant16.tdf                          ; --            ; --                   ; --             ;
; MISC_FILE                          ; lpm_constant16.bsf                          ; --            ; --                   ; --             ;
; MISC_FILE                          ; lpm_constant16_inst.tdf                     ; --            ; --                   ; --             ;
; MISC_FILE                          ; lpm_constant16.inc                          ; --            ; --                   ; --             ;
; MISC_FILE                          ; lpm_constant16.cmp                          ; --            ; --                   ; --             ;
; MISC_FILE                          ; lpm_constant17.tdf                          ; --            ; --                   ; --             ;
; MISC_FILE                          ; lpm_constant17.bsf                          ; --            ; --                   ; --             ;
; MISC_FILE                          ; lpm_constant17_inst.tdf                     ; --            ; --                   ; --             ;
; MISC_FILE                          ; lpm_constant17.inc                          ; --            ; --                   ; --             ;
; MISC_FILE                          ; lpm_constant17.cmp                          ; --            ; --                   ; --             ;
; MISC_FILE                          ; lpm_constant18.tdf                          ; --            ; --                   ; --             ;
; MISC_FILE                          ; lpm_constant18.bsf                          ; --            ; --                   ; --             ;
; MISC_FILE                          ; lpm_constant18_inst.tdf                     ; --            ; --                   ; --             ;
; MISC_FILE                          ; lpm_constant18.inc                          ; --            ; --                   ; --             ;
; MISC_FILE                          ; lpm_constant18.cmp                          ; --            ; --                   ; --             ;
; MISC_FILE                          ; lpm_constant19.tdf                          ; --            ; --                   ; --             ;
; MISC_FILE                          ; lpm_constant19.bsf                          ; --            ; --                   ; --             ;
; MISC_FILE                          ; lpm_constant19_inst.tdf                     ; --            ; --                   ; --             ;
; MISC_FILE                          ; lpm_constant19.inc                          ; --            ; --                   ; --             ;
; MISC_FILE                          ; lpm_constant19.cmp                          ; --            ; --                   ; --             ;
; MISC_FILE                          ; lpm_constant20.tdf                          ; --            ; --                   ; --             ;
; MISC_FILE                          ; lpm_constant20.bsf                          ; --            ; --                   ; --             ;
; MISC_FILE                          ; lpm_constant20_inst.tdf                     ; --            ; --                   ; --             ;
; MISC_FILE                          ; lpm_constant20.inc                          ; --            ; --                   ; --             ;
; MISC_FILE                          ; lpm_constant20.cmp                          ; --            ; --                   ; --             ;
; MISC_FILE                          ; lpm_constant21.tdf                          ; --            ; --                   ; --             ;
; MISC_FILE                          ; lpm_constant21.bsf                          ; --            ; --                   ; --             ;
; MISC_FILE                          ; lpm_constant21_inst.tdf                     ; --            ; --                   ; --             ;
; MISC_FILE                          ; lpm_constant21.inc                          ; --            ; --                   ; --             ;
; MISC_FILE                          ; lpm_constant21.cmp                          ; --            ; --                   ; --             ;
; MISC_FILE                          ; lpm_constant22.tdf                          ; --            ; --                   ; --             ;
; MISC_FILE                          ; lpm_constant22.bsf                          ; --            ; --                   ; --             ;
; MISC_FILE                          ; lpm_constant22_inst.tdf                     ; --            ; --                   ; --             ;
; MISC_FILE                          ; lpm_constant22.inc                          ; --            ; --                   ; --             ;
; MISC_FILE                          ; lpm_constant22.cmp                          ; --            ; --                   ; --             ;
; MISC_FILE                          ; lpm_constant23.tdf                          ; --            ; --                   ; --             ;
; MISC_FILE                          ; lpm_constant23.bsf                          ; --            ; --                   ; --             ;
; MISC_FILE                          ; lpm_constant23_inst.tdf                     ; --            ; --                   ; --             ;
; MISC_FILE                          ; lpm_constant23.inc                          ; --            ; --                   ; --             ;
; MISC_FILE                          ; lpm_constant23.cmp                          ; --            ; --                   ; --             ;
; MISC_FILE                          ; lpm_constant24.tdf                          ; --            ; --                   ; --             ;
; MISC_FILE                          ; lpm_constant24.bsf                          ; --            ; --                   ; --             ;
; MISC_FILE                          ; lpm_constant24_inst.tdf                     ; --            ; --                   ; --             ;
; MISC_FILE                          ; lpm_constant24.inc                          ; --            ; --                   ; --             ;
; MISC_FILE                          ; lpm_constant24.cmp                          ; --            ; --                   ; --             ;
; MISC_FILE                          ; lpm_constant25.tdf                          ; --            ; --                   ; --             ;
; MISC_FILE                          ; lpm_constant25.bsf                          ; --            ; --                   ; --             ;
; MISC_FILE                          ; lpm_constant25_inst.tdf                     ; --            ; --                   ; --             ;
; MISC_FILE                          ; lpm_constant25.inc                          ; --            ; --                   ; --             ;
; MISC_FILE                          ; lpm_constant25.cmp                          ; --            ; --                   ; --             ;
; MISC_FILE                          ; lpm_constant26.tdf                          ; --            ; --                   ; --             ;
; MISC_FILE                          ; lpm_constant26.bsf                          ; --            ; --                   ; --             ;
; MISC_FILE                          ; lpm_constant26_inst.tdf                     ; --            ; --                   ; --             ;
; MISC_FILE                          ; lpm_constant26.inc                          ; --            ; --                   ; --             ;
; MISC_FILE                          ; lpm_constant26.cmp                          ; --            ; --                   ; --             ;
; MISC_FILE                          ; lpm_constant27.tdf                          ; --            ; --                   ; --             ;
; MISC_FILE                          ; lpm_constant27.bsf                          ; --            ; --                   ; --             ;
; MISC_FILE                          ; lpm_constant27_inst.tdf                     ; --            ; --                   ; --             ;
; MISC_FILE                          ; lpm_constant27.inc                          ; --            ; --                   ; --             ;
; MISC_FILE                          ; lpm_constant27.cmp                          ; --            ; --                   ; --             ;
; MISC_FILE                          ; lpm_constant28.tdf                          ; --            ; --                   ; --             ;
; MISC_FILE                          ; lpm_constant28.bsf                          ; --            ; --                   ; --             ;
; MISC_FILE                          ; lpm_constant28_inst.tdf                     ; --            ; --                   ; --             ;
; MISC_FILE                          ; lpm_constant28.inc                          ; --            ; --                   ; --             ;
; MISC_FILE                          ; lpm_constant28.cmp                          ; --            ; --                   ; --             ;
; MISC_FILE                          ; lpm_constant29.tdf                          ; --            ; --                   ; --             ;
; MISC_FILE                          ; lpm_constant29.bsf                          ; --            ; --                   ; --             ;
; MISC_FILE                          ; lpm_constant29_inst.tdf                     ; --            ; --                   ; --             ;
; MISC_FILE                          ; lpm_constant29.inc                          ; --            ; --                   ; --             ;
; MISC_FILE                          ; lpm_constant29.cmp                          ; --            ; --                   ; --             ;
; MISC_FILE                          ; lpm_constant30.tdf                          ; --            ; --                   ; --             ;
; MISC_FILE                          ; lpm_constant30.bsf                          ; --            ; --                   ; --             ;
; MISC_FILE                          ; lpm_constant30_inst.tdf                     ; --            ; --                   ; --             ;
; MISC_FILE                          ; lpm_constant30.inc                          ; --            ; --                   ; --             ;
; MISC_FILE                          ; lpm_constant30.cmp                          ; --            ; --                   ; --             ;
; MISC_FILE                          ; lpm_constant31.tdf                          ; --            ; --                   ; --             ;
; MISC_FILE                          ; lpm_constant31.bsf                          ; --            ; --                   ; --             ;
; MISC_FILE                          ; lpm_constant31_inst.tdf                     ; --            ; --                   ; --             ;
; MISC_FILE                          ; lpm_constant31.inc                          ; --            ; --                   ; --             ;
; MISC_FILE                          ; lpm_constant31.cmp                          ; --            ; --                   ; --             ;
; MISC_FILE                          ; lpm_constant32.tdf                          ; --            ; --                   ; --             ;
; MISC_FILE                          ; lpm_constant32.bsf                          ; --            ; --                   ; --             ;
; MISC_FILE                          ; lpm_constant32_inst.tdf                     ; --            ; --                   ; --             ;
; MISC_FILE                          ; lpm_constant32.inc                          ; --            ; --                   ; --             ;
; MISC_FILE                          ; lpm_constant32.cmp                          ; --            ; --                   ; --             ;
; MISC_FILE                          ; lpm_constant33.tdf                          ; --            ; --                   ; --             ;
; MISC_FILE                          ; lpm_constant33.bsf                          ; --            ; --                   ; --             ;
; MISC_FILE                          ; lpm_constant33_inst.tdf                     ; --            ; --                   ; --             ;
; MISC_FILE                          ; lpm_constant33.inc                          ; --            ; --                   ; --             ;
; MISC_FILE                          ; lpm_constant33.cmp                          ; --            ; --                   ; --             ;
; MISC_FILE                          ; lpm_constant34.tdf                          ; --            ; --                   ; --             ;
; MISC_FILE                          ; lpm_constant34.bsf                          ; --            ; --                   ; --             ;
; MISC_FILE                          ; lpm_constant34_inst.tdf                     ; --            ; --                   ; --             ;
; MISC_FILE                          ; lpm_constant34.inc                          ; --            ; --                   ; --             ;
; MISC_FILE                          ; lpm_constant34.cmp                          ; --            ; --                   ; --             ;
; MISC_FILE                          ; lpm_dff2.tdf                                ; --            ; --                   ; --             ;
; MISC_FILE                          ; lpm_dff2.bsf                                ; --            ; --                   ; --             ;
; MISC_FILE                          ; lpm_dff2_inst.tdf                           ; --            ; --                   ; --             ;
; MISC_FILE                          ; lpm_dff2.inc                                ; --            ; --                   ; --             ;
; MISC_FILE                          ; lpm_dff2.cmp                                ; --            ; --                   ; --             ;
; MISC_FILE                          ; lpm_constant35.tdf                          ; --            ; --                   ; --             ;
; MISC_FILE                          ; lpm_constant35.bsf                          ; --            ; --                   ; --             ;
; MISC_FILE                          ; lpm_constant35_inst.tdf                     ; --            ; --                   ; --             ;
; MISC_FILE                          ; lpm_constant35.inc                          ; --            ; --                   ; --             ;
; MISC_FILE                          ; lpm_constant35.cmp                          ; --            ; --                   ; --             ;
; MISC_FILE                          ; lpm_counter6.tdf                            ; --            ; --                   ; --             ;
; MISC_FILE                          ; lpm_counter6.bsf                            ; --            ; --                   ; --             ;
; MISC_FILE                          ; lpm_counter6_inst.tdf                       ; --            ; --                   ; --             ;
; MISC_FILE                          ; lpm_counter6.inc                            ; --            ; --                   ; --             ;
; MISC_FILE                          ; lpm_counter6.cmp                            ; --            ; --                   ; --             ;
; PARTITION_COLOR                    ; 16764057                                    ; --            ; WN_opcode_loader_GPR ; Top            ;
; PARTITION_NETLIST_TYPE             ; SOURCE                                      ; --            ; WN_opcode_loader_GPR ; Top            ;
; TOP_LEVEL_ENTITY                   ; WN_opcode_loader_GPR                        ; WellNo        ; --                   ; --             ;
; USE_GENERATED_PHYSICAL_CONSTRAINTS ; Off                                         ; --            ; --                   ; eda_blast_fpga ;
+------------------------------------+---------------------------------------------+---------------+----------------------+----------------+


+-----------------------------------------------------------------------------------------------------------------------------+
; Flow Elapsed Time                                                                                                           ;
+-------------------------+--------------+-------------------------+---------------------+------------------------------------+
; Module Name             ; Elapsed Time ; Average Processors Used ; Peak Virtual Memory ; Total CPU Time (on all processors) ;
+-------------------------+--------------+-------------------------+---------------------+------------------------------------+
; Analysis & Synthesis    ; 00:00:15     ; 1.0                     ; 0 MB                ; 00:00:00                           ;
; Fitter                  ; 00:00:12     ; 1.0                     ; 0 MB                ; 00:00:00                           ;
; Assembler               ; 00:00:02     ; 1.0                     ; 0 MB                ; 00:00:02                           ;
; Classic Timing Analyzer ; 00:00:01     ; 1.0                     ; 0 MB                ; 00:00:00                           ;
; Total                   ; 00:00:30     ; --                      ; --                  ; 00:00:02                           ;
+-------------------------+--------------+-------------------------+---------------------+------------------------------------+


+---------------------------------------------------------------------------------------+
; Flow OS Summary                                                                       ;
+-------------------------+------------------+------------+------------+----------------+
; Module Name             ; Machine Hostname ; OS Name    ; OS Version ; Processor type ;
+-------------------------+------------------+------------+------------+----------------+
; Analysis & Synthesis    ; mhap             ; Windows XP ; 10.0       ; x86_64         ;
; Fitter                  ; mhap             ; Windows XP ; 10.0       ; x86_64         ;
; Assembler               ; mhap             ; Windows XP ; 10.0       ; x86_64         ;
; Classic Timing Analyzer ; mhap             ; Windows XP ; 10.0       ; x86_64         ;
+-------------------------+------------------+------------+------------+----------------+


------------
; Flow Log ;
------------
quartus_map --read_settings_files=on --write_settings_files=off WellNo -c WellNo
quartus_fit --read_settings_files=off --write_settings_files=off WellNo -c WellNo
quartus_asm --read_settings_files=off --write_settings_files=off WellNo -c WellNo
quartus_tan --read_settings_files=off --write_settings_files=off WellNo -c WellNo --timing_analysis_only



